app/build/intermediates/manifest_merge_blame_file/debug/manifest-merger-blame-debug-report.txt
1<?xml version="1.0" encoding="utf-8"?>
2<manifest xmlns:android="http://schemas.android.com/apk/res/android"
3    package="com.dovhan.application"
4    android:versionCode="1"
5    android:versionName="1.0" >
6
7    <uses-sdk
8        android:minSdkVersion="21"
8-->src/main/AndroidManifest.xml
9        android:targetSdkVersion="29" />
9-->src/main/AndroidManifest.xml
10
11    <!-- Although the *SdkVersion is captured in gradle build files, this is required for non gradle builds -->
12    <!-- <uses-sdk android:minSdkVersion="14" /> -->
13    <uses-permission android:name="android.permission.ACCESS_NETWORK_STATE" />
13-->[com.google.firebase:firebase-firestore:21.1.1] AndroidManifest.xml:13:5-79
13-->[com.google.firebase:firebase-firestore:21.1.1] AndroidManifest.xml:13:22-76
14    <uses-permission android:name="android.permission.INTERNET" />
14-->[com.google.firebase:firebase-firestore:21.1.1] AndroidManifest.xml:14:5-67
14-->[com.google.firebase:firebase-firestore:21.1.1] AndroidManifest.xml:14:22-64
15
16    <application
16-->src/main/AndroidManifest.xml:6:5-23:19
17        android:allowBackup="true"
17-->src/main/AndroidManifest.xml:7:9-35
18        android:appComponentFactory="androidx.core.app.CoreComponentFactory"
18-->[androidx.core:core:1.1.0] AndroidManifest.xml:24:18-86
19        android:debuggable="true"
20        android:icon="@mipmap/ic_launcher"
20-->src/main/AndroidManifest.xml:8:9-43
21        android:label="@string/app_name"
21-->src/main/AndroidManifest.xml:9:9-41
22        android:roundIcon="@mipmap/ic_launcher_round"
22-->src/main/AndroidManifest.xml:10:9-54
23        android:supportsRtl="true"
23-->src/main/AndroidManifest.xml:11:9-35
24        android:testOnly="true"
25        android:theme="@style/AppTheme" >
25-->src/main/AndroidManifest.xml:12:9-40
26        <activity android:name="com.dovhan.application.SignUpActivity" />
26-->src/main/AndroidManifest.xml:14:9-61
26-->src/main/AndroidManifest.xml:14:19-49
27        <activity android:name="com.dovhan.application.SignInActivity" >
27-->src/main/AndroidManifest.xml:15:9-21:20
27-->src/main/AndroidManifest.xml:15:19-49
28            <intent-filter>
28-->src/main/AndroidManifest.xml:16:13-20:29
29                <action android:name="android.intent.action.MAIN" />
29-->src/main/AndroidManifest.xml:17:17-69
29-->src/main/AndroidManifest.xml:17:25-66
30
31                <category android:name="android.intent.category.LAUNCHER" />
31-->src/main/AndroidManifest.xml:19:17-77
31-->src/main/AndroidManifest.xml:19:27-74
32            </intent-filter>
33        </activity>
34        <activity android:name="com.dovhan.application.MainActivity" />
34-->src/main/AndroidManifest.xml:22:9-50
34-->src/main/AndroidManifest.xml:22:19-47
35
36        <service
36-->[com.google.firebase:firebase-firestore:21.1.1] AndroidManifest.xml:17:9-23:19
37            android:name="com.google.firebase.components.ComponentDiscoveryService"
37-->[com.google.firebase:firebase-firestore:21.1.1] AndroidManifest.xml:18:13-84
38            android:directBootAware="true"
38-->[com.google.firebase:firebase-common:19.1.0] AndroidManifest.xml:14:13-43
39            android:exported="false" >
39-->[com.google.firebase:firebase-firestore:21.1.1] AndroidManifest.xml:19:13-37
40            <meta-data
40-->[com.google.firebase:firebase-firestore:21.1.1] AndroidManifest.xml:20:13-22:85
41                android:name="com.google.firebase.components:com.google.firebase.firestore.FirestoreRegistrar"
41-->[com.google.firebase:firebase-firestore:21.1.1] AndroidManifest.xml:21:17-111
42                android:value="com.google.firebase.components.ComponentRegistrar" />
42-->[com.google.firebase:firebase-firestore:21.1.1] AndroidManifest.xml:22:17-82
43            <meta-data
43-->[com.google.firebase:firebase-auth:19.0.0] AndroidManifest.xml:36:13-38:85
44                android:name="com.google.firebase.components:com.google.firebase.auth.FirebaseAuthRegistrar"
44-->[com.google.firebase:firebase-auth:19.0.0] AndroidManifest.xml:37:17-109
45                android:value="com.google.firebase.components.ComponentRegistrar" />
45-->[com.google.firebase:firebase-auth:19.0.0] AndroidManifest.xml:38:17-82
46            <meta-data
46-->[com.google.firebase:firebase-database:19.1.0] AndroidManifest.xml:32:13-34:85
47                android:name="com.google.firebase.components:com.google.firebase.database.DatabaseRegistrar"
47-->[com.google.firebase:firebase-database:19.1.0] AndroidManifest.xml:33:17-109
48                android:value="com.google.firebase.components.ComponentRegistrar" />
48-->[com.google.firebase:firebase-database:19.1.0] AndroidManifest.xml:34:17-82
49        </service>
50
51        <activity
51-->[com.google.firebase:firebase-auth:19.0.0] AndroidManifest.xml:24:9-31:50
52            android:name="com.google.firebase.auth.internal.FederatedSignInActivity"
52-->[com.google.firebase:firebase-auth:19.0.0] AndroidManifest.xml:25:13-85
53            android:excludeFromRecents="true"
53-->[com.google.firebase:firebase-auth:19.0.0] AndroidManifest.xml:26:13-46
54            android:exported="true"
54-->[com.google.firebase:firebase-auth:19.0.0] AndroidManifest.xml:27:13-36
55            android:launchMode="singleTask"
55-->[com.google.firebase:firebase-auth:19.0.0] AndroidManifest.xml:28:13-44
56            android:permission="com.google.firebase.auth.api.gms.permission.LAUNCH_FEDERATED_SIGN_IN"
56-->[com.google.firebase:firebase-auth:19.0.0] AndroidManifest.xml:29:13-102
57            android:theme="@android:style/Theme.Translucent.NoTitleBar" />
57-->[com.google.firebase:firebase-auth:19.0.0] AndroidManifest.xml:30:13-72
58        <activity
58-->[com.google.android.gms:play-services-base:17.1.0] AndroidManifest.xml:23:9-26:75
59            android:name="com.google.android.gms.common.api.GoogleApiActivity"
59-->[com.google.android.gms:play-services-base:17.1.0] AndroidManifest.xml:24:13-79
60            android:exported="false"
60-->[com.google.android.gms:play-services-base:17.1.0] AndroidManifest.xml:25:13-37
61            android:theme="@android:style/Theme.Translucent.NoTitleBar" />
61-->[com.google.android.gms:play-services-base:17.1.0] AndroidManifest.xml:26:13-72
62
63        <provider
63-->[com.google.firebase:firebase-common:19.1.0] AndroidManifest.xml:17:9-21:39
64            android:name="com.google.firebase.provider.FirebaseInitProvider"
64-->[com.google.firebase:firebase-common:19.1.0] AndroidManifest.xml:18:13-77
65            android:authorities="com.dovhan.application.firebaseinitprovider"
65-->[com.google.firebase:firebase-common:19.1.0] AndroidManifest.xml:19:13-72
66            android:exported="false"
66-->[com.google.firebase:firebase-common:19.1.0] AndroidManifest.xml:20:13-37
67            android:initOrder="100" />
67-->[com.google.firebase:firebase-common:19.1.0] AndroidManifest.xml:21:13-36
68
69        <meta-data
69-->[com.google.android.gms:play-services-basement:17.0.0] AndroidManifest.xml:23:9-25:69
70            android:name="com.google.android.gms.version"
70-->[com.google.android.gms:play-services-basement:17.0.0] AndroidManifest.xml:24:13-58
71            android:value="@integer/google_play_services_version" />
71-->[com.google.android.gms:play-services-basement:17.0.0] AndroidManifest.xml:25:13-66
72    </application>
73
74</manifest>